<?xml version="1.0" encoding="UTF-8"?>
<testng-results ignored="0" total="4" passed="3" failed="1" skipped="0">
  <reporter-output>
  </reporter-output>
  <suite started-at="2022-11-07T16:08:15Z" name="Default suite" finished-at="2022-11-07T16:08:15Z" duration-ms="26">
    <groups>
    </groups>
    <test started-at="2022-11-07T16:08:15Z" name="Default test" finished-at="2022-11-07T16:08:15Z" duration-ms="26">
      <class name="project.TestAccountService">
        <test-method signature="testIsNotNull()[pri:0, instance:project.TestAccountService@258d79be]" started-at="2022-11-08T01:08:15Z" name="testIsNotNull" finished-at="2022-11-08T01:08:15Z" duration-ms="7" status="PASS">
          <reporter-output>
          </reporter-output>
        </test-method> <!-- testIsNotNull -->
        <test-method signature="testIsRightCreditReceiver()[pri:0, instance:project.TestAccountService@258d79be]" started-at="2022-11-08T01:08:15Z" name="testIsRightCreditReceiver" finished-at="2022-11-08T01:08:15Z" duration-ms="0" status="FAIL">
          <exception class="java.lang.AssertionError">
            <message>
              <![CDATA[expected:<200> but was:<100>]]>
            </message>
            <full-stacktrace>
              <![CDATA[java.lang.AssertionError: expected:<200> but was:<100>at org.junit.Assert.fail(Assert.java:88)at org.junit.Assert.failNotEquals(Assert.java:834)at org.junit.Assert.assertEquals(Assert.java:645)at org.junit.Assert.assertEquals(Assert.java:631)at project.TestAccountService.testIsRightCreditReceiver(TestAccountService.java:34)at java.base/jdk.internal.reflect.NativeMethodAccessorImpl.invoke0(Native Method)at java.base/jdk.internal.reflect.NativeMethodAccessorImpl.invoke(NativeMethodAccessorImpl.java:77)at java.base/jdk.internal.reflect.DelegatingMethodAccessorImpl.invoke(DelegatingMethodAccessorImpl.java:43)at java.base/java.lang.reflect.Method.invoke(Method.java:568)at org.testng.internal.MethodInvocationHelper.invokeMethod(MethodInvocationHelper.java:124)at org.testng.internal.Invoker.invokeMethod(Invoker.java:571)at org.testng.internal.Invoker.invokeTestMethod(Invoker.java:707)at org.testng.internal.Invoker.invokeTestMethods(Invoker.java:979)at org.testng.internal.TestMethodWorker.invokeTestMethods(TestMethodWorker.java:125)at org.testng.internal.TestMethodWorker.run(TestMethodWorker.java:109)at org.testng.TestRunner.privateRun(TestRunner.java:648)at org.testng.TestRunner.run(TestRunner.java:505)at org.testng.SuiteRunner.runTest(SuiteRunner.java:455)at org.testng.SuiteRunner.runSequentially(SuiteRunner.java:450)at org.testng.SuiteRunner.privateRun(SuiteRunner.java:415)at org.testng.SuiteRunner.run(SuiteRunner.java:364)at org.testng.SuiteRunnerWorker.runSuite(SuiteRunnerWorker.java:52)at org.testng.SuiteRunnerWorker.run(SuiteRunnerWorker.java:84)at org.testng.TestNG.runSuitesSequentially(TestNG.java:1187)at org.testng.TestNG.runSuitesLocally(TestNG.java:1116)at org.testng.TestNG.runSuites(TestNG.java:1028)at org.testng.TestNG.run(TestNG.java:996)at org.testng.remote.AbstractRemoteTestNG.run(AbstractRemoteTestNG.java:115)at org.testng.remote.RemoteTestNG.initAndRun(RemoteTestNG.java:251)at org.testng.remote.RemoteTestNG.main(RemoteTestNG.java:77)]]>
            </full-stacktrace>
          </exception> <!-- java.lang.AssertionError -->
          <reporter-output>
          </reporter-output>
        </test-method> <!-- testIsRightCreditReceiver -->
        <test-method signature="testIsRightCreditSender()[pri:0, instance:project.TestAccountService@258d79be]" started-at="2022-11-08T01:08:15Z" name="testIsRightCreditSender" finished-at="2022-11-08T01:08:15Z" duration-ms="1" status="PASS">
          <reporter-output>
          </reporter-output>
        </test-method> <!-- testIsRightCreditSender -->
        <test-method signature="testTransferOk()[pri:0, instance:project.TestAccountService@258d79be]" started-at="2022-11-08T01:08:15Z" name="testTransferOk" finished-at="2022-11-08T01:08:15Z" duration-ms="1" status="PASS">
          <reporter-output>
          </reporter-output>
        </test-method> <!-- testTransferOk -->
      </class> <!-- project.TestAccountService -->
    </test> <!-- Default test -->
  </suite> <!-- Default suite -->
</testng-results>
